# JRE version: Java(TM) SE Runtime Environment (8.0_51-b16) (build 1.8.0_51-b16)
# Java VM: Java HotSpot(TM) 64-Bit Server VM (25.51-b03 mixed mode windows-amd64 compressed oops)
Heap:
 PSYoungGen      total 232960K, used 83346K [0x00000000eab00000, 0x0000000100000000, 0x0000000100000000)
  eden space 116736K, 0% used [0x00000000eab00000,0x00000000eab00000,0x00000000f1d00000)
  from space 116224K, 71% used [0x00000000f1d00000,0x00000000f6e64ab0,0x00000000f8e80000)
  to   space 116224K, 0% used [0x00000000f8e80000,0x00000000f8e80000,0x0000000100000000)
 ParOldGen       total 676352K, used 647537K [0x00000000c0000000, 0x00000000e9480000, 0x00000000eab00000)
  object space 676352K, 95% used [0x00000000c0000000,0x00000000e785c558,0x00000000e9480000)
 Metaspace       used 6584K, capacity 7320K, committed 7680K, reserved 1056768K
  class space    used 618K, capacity 656K, committed 768K, reserved 1048576K
GC Heap History (10 events):
Event: 14.366 GC heap after
Heap after GC invocations=33 (full 4):
 PSYoungGen      total 155136K, used 38301K [0x00000000eab00000, 0x00000000ff600000, 0x0000000100000000)
  eden space 116736K, 0% used [0x00000000eab00000,0x00000000eab00000,0x00000000f1d00000)
  from space 38400K, 99% used [0x00000000f1d00000,0x00000000f42676c0,0x00000000f4280000)
  to   space 109568K, 0% used [0x00000000f8b00000,0x00000000f8b00000,0x00000000ff600000)
 ParOldGen       total 676352K, used 504965K [0x00000000c0000000, 0x00000000e9480000, 0x00000000eab00000)
  object space 676352K, 74% used [0x00000000c0000000,0x00000000ded215d8,0x00000000e9480000)
 Metaspace       used 6583K, capacity 7320K, committed 7680K, reserved 1056768K
  class space    used 618K, capacity 656K, committed 768K, reserved 1048576K
}
Event: 14.642 GC heap before
{Heap before GC invocations=34 (full 4):
 PSYoungGen      total 155136K, used 155037K [0x00000000eab00000, 0x00000000ff600000, 0x0000000100000000)
  eden space 116736K, 100% used [0x00000000eab00000,0x00000000f1d00000,0x00000000f1d00000)
  from space 38400K, 99% used [0x00000000f1d00000,0x00000000f42676c0,0x00000000f4280000)
  to   space 109568K, 0% used [0x00000000f8b00000,0x00000000f8b00000,0x00000000ff600000)
 ParOldGen       total 676352K, used 504965K [0x00000000c0000000, 0x00000000e9480000, 0x00000000eab00000)
  object space 676352K, 74% used [0x00000000c0000000,0x00000000ded215d8,0x00000000e9480000)
 Metaspace       used 6584K, capacity 7320K, committed 7680K, reserved 1056768K
  class space    used 618K, capacity 656K, committed 768K, reserved 1048576K
Event: 14.698 GC heap after
Heap after GC invocations=34 (full 4):
 PSYoungGen      total 227840K, used 67019K [0x00000000eab00000, 0x0000000100000000, 0x0000000100000000)
  eden space 118272K, 0% used [0x00000000eab00000,0x00000000eab00000,0x00000000f1e80000)
  from space 109568K, 61% used [0x00000000f8b00000,0x00000000fcc72c60,0x00000000ff600000)
  to   space 111104K, 0% used [0x00000000f1e80000,0x00000000f1e80000,0x00000000f8b00000)
 ParOldGen       total 676352K, used 504965K [0x00000000c0000000, 0x00000000e9480000, 0x00000000eab00000)
  object space 676352K, 74% used [0x00000000c0000000,0x00000000ded215d8,0x00000000e9480000)
 Metaspace       used 6584K, capacity 7320K, committed 7680K, reserved 1056768K
  class space    used 618K, capacity 656K, committed 768K, reserved 1048576K
}
Event: 14.856 GC heap before
{Heap before GC invocations=35 (full 4):
 PSYoungGen      total 227840K, used 185291K [0x00000000eab00000, 0x0000000100000000, 0x0000000100000000)
  eden space 118272K, 100% used [0x00000000eab00000,0x00000000f1e80000,0x00000000f1e80000)
  from space 109568K, 61% used [0x00000000f8b00000,0x00000000fcc72c60,0x00000000ff600000)
  to   space 111104K, 0% used [0x00000000f1e80000,0x00000000f1e80000,0x00000000f8b00000)
 ParOldGen       total 676352K, used 504965K [0x00000000c0000000, 0x00000000e9480000, 0x00000000eab00000)
  object space 676352K, 74% used [0x00000000c0000000,0x00000000ded215d8,0x00000000e9480000)
 Metaspace       used 6584K, capacity 7320K, committed 7680K, reserved 1056768K
  class space    used 618K, capacity 656K, committed 768K, reserved 1048576K
Event: 14.924 GC heap after
Heap after GC invocations=35 (full 4):
 PSYoungGen      total 229376K, used 111099K [0x00000000eab00000, 0x0000000100000000, 0x0000000100000000)
  eden space 118272K, 0% used [0x00000000eab00000,0x00000000eab00000,0x00000000f1e80000)
  from space 111104K, 99% used [0x00000000f1e80000,0x00000000f8afedc8,0x00000000f8b00000)
  to   space 116224K, 0% used [0x00000000f8e80000,0x00000000f8e80000,0x0000000100000000)
 ParOldGen       total 676352K, used 524035K [0x00000000c0000000, 0x00000000e9480000, 0x00000000eab00000)
  object space 676352K, 77% used [0x00000000c0000000,0x00000000dffc0c40,0x00000000e9480000)
 Metaspace       used 6584K, capacity 7320K, committed 7680K, reserved 1056768K
  class space    used 618K, capacity 656K, committed 768K, reserved 1048576K
}
Event: 14.981 GC heap before
{Heap before GC invocations=36 (full 4):
 PSYoungGen      total 229376K, used 229371K [0x00000000eab00000, 0x0000000100000000, 0x0000000100000000)
  eden space 118272K, 100% used [0x00000000eab00000,0x00000000f1e80000,0x00000000f1e80000)
  from space 111104K, 99% used [0x00000000f1e80000,0x00000000f8afedc8,0x00000000f8b00000)
  to   space 116224K, 0% used [0x00000000f8e80000,0x00000000f8e80000,0x0000000100000000)
 ParOldGen       total 676352K, used 524035K [0x00000000c0000000, 0x00000000e9480000, 0x00000000eab00000)
  object space 676352K, 77% used [0x00000000c0000000,0x00000000dffc0c40,0x00000000e9480000)
 Metaspace       used 6584K, capacity 7320K, committed 7680K, reserved 1056768K
  class space    used 618K, capacity 656K, committed 768K, reserved 1048576K
Event: 15.070 GC heap after
Heap after GC invocations=36 (full 4):
 PSYoungGen      total 232960K, used 116202K [0x00000000eab00000, 0x0000000100000000, 0x0000000100000000)
  eden space 116736K, 0% used [0x00000000eab00000,0x00000000eab00000,0x00000000f1d00000)
  from space 116224K, 99% used [0x00000000f8e80000,0x00000000ffffaa28,0x0000000100000000)
  to   space 116224K, 0% used [0x00000000f1d00000,0x00000000f1d00000,0x00000000f8e80000)
 ParOldGen       total 676352K, used 588324K [0x00000000c0000000, 0x00000000e9480000, 0x00000000eab00000)
  object space 676352K, 86% used [0x00000000c0000000,0x00000000e3e89000,0x00000000e9480000)
 Metaspace       used 6584K, capacity 7320K, committed 7680K, reserved 1056768K
  class space    used 618K, capacity 656K, committed 768K, reserved 1048576K
}
Event: 15.277 GC heap before
{Heap before GC invocations=37 (full 4):
 PSYoungGen      total 232960K, used 232938K [0x00000000eab00000, 0x0000000100000000, 0x0000000100000000)
  eden space 116736K, 100% used [0x00000000eab00000,0x00000000f1d00000,0x00000000f1d00000)
  from space 116224K, 99% used [0x00000000f8e80000,0x00000000ffffaa28,0x0000000100000000)
  to   space 116224K, 0% used [0x00000000f1d00000,0x00000000f1d00000,0x00000000f8e80000)
 ParOldGen       total 676352K, used 588324K [0x00000000c0000000, 0x00000000e9480000, 0x00000000eab00000)
  object space 676352K, 86% used [0x00000000c0000000,0x00000000e3e89000,0x00000000e9480000)
 Metaspace       used 6584K, capacity 7320K, committed 7680K, reserved 1056768K
  class space    used 618K, capacity 656K, committed 768K, reserved 1048576K
Event: 15.342 GC heap after
Heap after GC invocations=37 (full 4):
 PSYoungGen      total 232960K, used 83346K [0x00000000eab00000, 0x0000000100000000, 0x0000000100000000)
  eden space 116736K, 0% used [0x00000000eab00000,0x00000000eab00000,0x00000000f1d00000)
  from space 116224K, 71% used [0x00000000f1d00000,0x00000000f6e64ab0,0x00000000f8e80000)
  to   space 116224K, 0% used [0x00000000f8e80000,0x00000000f8e80000,0x0000000100000000)
 ParOldGen       total 676352K, used 647537K [0x00000000c0000000, 0x00000000e9480000, 0x00000000eab00000)
  object space 676352K, 95% used [0x00000000c0000000,0x00000000e785c558,0x00000000e9480000)
 Metaspace       used 6584K, capacity 7320K, committed 7680K, reserved 1056768K
  class space    used 618K, capacity 656K, committed 768K, reserved 1048576K
}
Event: 15.342 GC heap before
{Heap before GC invocations=38 (full 5):
 PSYoungGen      total 232960K, used 83346K [0x00000000eab00000, 0x0000000100000000, 0x0000000100000000)
  eden space 116736K, 0% used [0x00000000eab00000,0x00000000eab00000,0x00000000f1d00000)
  from space 116224K, 71% used [0x00000000f1d00000,0x00000000f6e64ab0,0x00000000f8e80000)
  to   space 116224K, 0% used [0x00000000f8e80000,0x00000000f8e80000,0x0000000100000000)
 ParOldGen       total 676352K, used 647537K [0x00000000c0000000, 0x00000000e9480000, 0x00000000eab00000)
  object space 676352K, 95% used [0x00000000c0000000,0x00000000e785c558,0x00000000e9480000)
 Metaspace       used 6584K, capacity 7320K, committed 7680K, reserved 1056768K
  class space    used 618K, capacity 656K, committed 768K, reserved 1048576K

